app/build/outputs/logs/manifest-merger-debug-report.txt
-- Merging decision tree log ---
manifest
ADDED from src/main/AndroidManifest.xml:2:1-148:12
INJECTED from src/main/AndroidManifest.xml:2:1-148:12
INJECTED from src/main/AndroidManifest.xml:2:1-148:12
INJECTED from src/main/AndroidManifest.xml:2:1-148:12
MERGED from [com.firebaseui:firebase-ui:3.2.2] AndroidManifest.xml:2:1-15:12
MERGED from [com.firebaseui:firebase-ui-auth:3.2.2] AndroidManifest.xml:2:1-86:12
MERGED from [com.android.support:design:27.0.2] AndroidManifest.xml:17:1-22:12
MERGED from [com.android.support:appcompat-v7:27.0.2] AndroidManifest.xml:17:1-22:12
MERGED from [com.android.support.constraint:constraint-layout:1.1.3] AndroidManifest.xml:2:1-11:12
MERGED from [com.firebaseui:firebase-ui-database:3.2.2] AndroidManifest.xml:2:1-13:12
MERGED from [com.google.firebase:firebase-database:16.1.0] AndroidManifest.xml:15:1-36:12
MERGED from [com.google.firebase:firebase-auth:16.1.0] AndroidManifest.xml:17:1-42:12
MERGED from [com.firebaseui:firebase-ui-storage:3.2.2] AndroidManifest.xml:2:1-12:12
MERGED from [com.google.firebase:firebase-storage:16.1.0] AndroidManifest.xml:15:1-37:12
MERGED from [com.google.android.gms:play-services-auth:16.0.1] AndroidManifest.xml:17:1-39:12
MERGED from [com.firebaseui:firebase-ui-firestore:3.2.2] AndroidManifest.xml:2:1-13:12
MERGED from [com.android.support:recyclerview-v7:27.0.2] AndroidManifest.xml:17:1-22:12
MERGED from [com.android.support:cardview-v7:27.0.2] AndroidManifest.xml:17:1-22:12
MERGED from [com.r0adkll:slidableactivity:2.0.6] AndroidManifest.xml:2:1-11:12
MERGED from [com.github.liuguangqiang.swipeback:library:1.0.2] AndroidManifest.xml:2:1-11:12
MERGED from [com.paytm:pgplussdk:1.3.3] AndroidManifest.xml:2:1-35:12
MERGED from [com.android.support:customtabs:27.0.2] AndroidManifest.xml:17:1-22:12
MERGED from [com.firebaseui:firebase-ui-common:3.2.2] AndroidManifest.xml:2:1-12:12
MERGED from [com.android.support:transition:27.0.2] AndroidManifest.xml:17:1-22:12
MERGED from [com.google.android.gms:play-services-flags:16.0.1] AndroidManifest.xml:17:1-22:12
MERGED from [com.google.firebase:firebase-auth-interop:16.0.1] AndroidManifest.xml:2:1-10:12
MERGED from [com.google.android.gms:play-services-auth-api-phone:16.0.0] AndroidManifest.xml:2:1-7:12
MERGED from [com.google.android.gms:play-services-auth-base:16.0.0] AndroidManifest.xml:2:1-7:12
MERGED from [com.google.android.gms:play-services-base:16.0.1] AndroidManifest.xml:17:1-29:12
MERGED from [com.google.firebase:firebase-firestore:11.8.0] AndroidManifest.xml:2:1-8:12
MERGED from [com.google.firebase:firebase-common:16.1.0] AndroidManifest.xml:2:1-19:12
MERGED from [com.google.android.gms:play-services-tasks:16.0.1] AndroidManifest.xml:2:1-9:12
MERGED from [com.google.android.gms:play-services-basement:16.1.0] AndroidManifest.xml:17:1-28:12
MERGED from [com.android.support:support-v4:27.0.2] AndroidManifest.xml:17:1-22:12
MERGED from [android.arch.lifecycle:extensions:1.1.0] AndroidManifest.xml:17:1-30:12
MERGED from [com.github.bumptech.glide:glide:4.6.1] AndroidManifest.xml:2:1-13:12
MERGED from [com.android.support:support-fragment:27.0.2] AndroidManifest.xml:17:1-22:12
MERGED from [com.android.support:support-media-compat:27.0.2] AndroidManifest.xml:17:1-22:12
MERGED from [com.android.support:support-core-utils:27.0.2] AndroidManifest.xml:17:1-22:12
MERGED from [com.android.support:animated-vector-drawable:27.0.2] AndroidManifest.xml:17:1-22:12
MERGED from [com.android.support:support-core-ui:27.0.2] AndroidManifest.xml:17:1-22:12
MERGED from [com.android.support:support-vector-drawable:27.0.2] AndroidManifest.xml:17:1-22:12
MERGED from [com.android.support:support-compat:27.0.2] AndroidManifest.xml:17:1-22:12
MERGED from [android.arch.lifecycle:runtime:1.1.0] AndroidManifest.xml:17:1-22:12
MERGED from [android.arch.lifecycle:livedata:1.1.0] AndroidManifest.xml:17:1-22:12
MERGED from [android.arch.lifecycle:livedata-core:1.1.0] AndroidManifest.xml:17:1-22:12
MERGED from [android.arch.core:runtime:1.1.0] AndroidManifest.xml:17:1-22:12
MERGED from [android.arch.lifecycle:viewmodel:1.1.0] AndroidManifest.xml:17:1-22:12
MERGED from [com.github.bumptech.glide:gifdecoder:4.6.1] AndroidManifest.xml:2:1-11:12
MERGED from [com.google.firebase:firebase-database-collection:16.0.1] AndroidManifest.xml:2:1-7:12
INJECTED from src/main/AndroidManifest.xml:2:1-148:12
INJECTED from src/main/AndroidManifest.xml:2:1-148:12
INJECTED from src/main/AndroidManifest.xml:2:1-148:12
	package
		ADDED from src/main/AndroidManifest.xml:4:5-34
		INJECTED from src/main/AndroidManifest.xml
		INJECTED from src/main/AndroidManifest.xml
	android:versionName
		INJECTED from src/main/AndroidManifest.xml
		ADDED from src/main/AndroidManifest.xml:2:1-148:12
		INJECTED from src/main/AndroidManifest.xml
	xmlns:tools
		ADDED from src/main/AndroidManifest.xml:3:5-51
	android:versionCode
		INJECTED from src/main/AndroidManifest.xml
		ADDED from src/main/AndroidManifest.xml:2:1-148:12
		INJECTED from src/main/AndroidManifest.xml
	xmlns:android
		ADDED from src/main/AndroidManifest.xml:2:11-69
uses-permission#android.permission.INTERNET
ADDED from src/main/AndroidManifest.xml:6:5-67
MERGED from [com.firebaseui:firebase-ui:3.2.2] AndroidManifest.xml:11:5-67
MERGED from [com.firebaseui:firebase-ui:3.2.2] AndroidManifest.xml:11:5-67
MERGED from [com.firebaseui:firebase-ui-auth:3.2.2] AndroidManifest.xml:13:5-67
MERGED from [com.firebaseui:firebase-ui-auth:3.2.2] AndroidManifest.xml:13:5-67
MERGED from [com.firebaseui:firebase-ui-database:3.2.2] AndroidManifest.xml:11:5-67
MERGED from [com.firebaseui:firebase-ui-database:3.2.2] AndroidManifest.xml:11:5-67
MERGED from [com.google.firebase:firebase-database:16.1.0] AndroidManifest.xml:26:5-67
MERGED from [com.google.firebase:firebase-database:16.1.0] AndroidManifest.xml:26:5-67
MERGED from [com.google.firebase:firebase-storage:16.1.0] AndroidManifest.xml:27:5-67
MERGED from [com.google.firebase:firebase-storage:16.1.0] AndroidManifest.xml:27:5-67
MERGED from [com.firebaseui:firebase-ui-firestore:3.2.2] AndroidManifest.xml:11:5-67
MERGED from [com.firebaseui:firebase-ui-firestore:3.2.2] AndroidManifest.xml:11:5-67
	android:name
		ADDED from src/main/AndroidManifest.xml:6:22-64
uses-permission#android.permission.READ_EXTERNAL_STORAGE
ADDED from src/main/AndroidManifest.xml:7:5-80
MERGED from [com.paytm:pgplussdk:1.3.3] AndroidManifest.xml:11:5-80
MERGED from [com.paytm:pgplussdk:1.3.3] AndroidManifest.xml:11:5-80
	android:name
		ADDED from src/main/AndroidManifest.xml:7:22-77
uses-permission#android.permission.WRITE_EXTERNAL_STORAGE
ADDED from src/main/AndroidManifest.xml:8:5-81
MERGED from [com.paytm:pgplussdk:1.3.3] AndroidManifest.xml:10:5-81
MERGED from [com.paytm:pgplussdk:1.3.3] AndroidManifest.xml:10:5-81
	android:name
		ADDED from src/main/AndroidManifest.xml:8:22-78
uses-permission#android.permission.ACCESS_NETWORK_STATE
ADDED from src/main/AndroidManifest.xml:9:5-79
MERGED from [com.firebaseui:firebase-ui-auth:3.2.2] AndroidManifest.xml:12:5-79
MERGED from [com.firebaseui:firebase-ui-auth:3.2.2] AndroidManifest.xml:12:5-79
MERGED from [com.google.firebase:firebase-database:16.1.0] AndroidManifest.xml:25:5-79
MERGED from [com.google.firebase:firebase-database:16.1.0] AndroidManifest.xml:25:5-79
MERGED from [com.google.firebase:firebase-storage:16.1.0] AndroidManifest.xml:26:5-79
MERGED from [com.google.firebase:firebase-storage:16.1.0] AndroidManifest.xml:26:5-79
MERGED from [com.paytm:pgplussdk:1.3.3] AndroidManifest.xml:9:5-79
MERGED from [com.paytm:pgplussdk:1.3.3] AndroidManifest.xml:9:5-79
	android:name
		ADDED from src/main/AndroidManifest.xml:9:22-76
uses-permission#android.permission.READ_CONTACTS
ADDED from src/main/AndroidManifest.xml:10:5-72
	android:name
		ADDED from src/main/AndroidManifest.xml:10:22-69
uses-permission#android.permission.READ_PHONE_STATE
ADDED from src/main/AndroidManifest.xml:11:5-75
	android:name
		ADDED from src/main/AndroidManifest.xml:11:22-72
uses-permission#android.permission.CAMERA
ADDED from src/main/AndroidManifest.xml:12:5-65
	android:name
		ADDED from src/main/AndroidManifest.xml:12:22-62
uses-permission#android.permission.RECORD_AUDIO
ADDED from src/main/AndroidManifest.xml:13:5-71
	android:name
		ADDED from src/main/AndroidManifest.xml:13:22-68
uses-permission#android.permission.RECEIVE_SMS
ADDED from src/main/AndroidManifest.xml:14:5-70
	android:name
		ADDED from src/main/AndroidManifest.xml:14:22-67
uses-permission#android.permission.READ_SMS
ADDED from src/main/AndroidManifest.xml:15:5-67
	android:name
		ADDED from src/main/AndroidManifest.xml:15:22-64
uses-feature#android.hardware.camera
ADDED from src/main/AndroidManifest.xml:17:5-19:35
	android:required
		ADDED from src/main/AndroidManifest.xml:19:9-32
	android:name
		ADDED from src/main/AndroidManifest.xml:18:9-47
application
ADDED from src/main/AndroidManifest.xml:21:5-146:19
MERGED from [com.firebaseui:firebase-ui:3.2.2] AndroidManifest.xml:13:5-47
MERGED from [com.firebaseui:firebase-ui:3.2.2] AndroidManifest.xml:13:5-47
MERGED from [com.firebaseui:firebase-ui-auth:3.2.2] AndroidManifest.xml:15:5-84:19
MERGED from [com.firebaseui:firebase-ui-auth:3.2.2] AndroidManifest.xml:15:5-84:19
MERGED from [com.android.support.constraint:constraint-layout:1.1.3] AndroidManifest.xml:9:5-20
MERGED from [com.android.support.constraint:constraint-layout:1.1.3] AndroidManifest.xml:9:5-20
MERGED from [com.google.firebase:firebase-database:16.1.0] AndroidManifest.xml:28:5-34:19
MERGED from [com.google.firebase:firebase-database:16.1.0] AndroidManifest.xml:28:5-34:19
MERGED from [com.google.firebase:firebase-auth:16.1.0] AndroidManifest.xml:23:5-40:19
MERGED from [com.google.firebase:firebase-auth:16.1.0] AndroidManifest.xml:23:5-40:19
MERGED from [com.google.firebase:firebase-storage:16.1.0] AndroidManifest.xml:29:5-35:19
MERGED from [com.google.firebase:firebase-storage:16.1.0] AndroidManifest.xml:29:5-35:19
MERGED from [com.google.android.gms:play-services-auth:16.0.1] AndroidManifest.xml:22:5-37:19
MERGED from [com.google.android.gms:play-services-auth:16.0.1] AndroidManifest.xml:22:5-37:19
MERGED from [com.r0adkll:slidableactivity:2.0.6] AndroidManifest.xml:9:5-20
MERGED from [com.r0adkll:slidableactivity:2.0.6] AndroidManifest.xml:9:5-20
MERGED from [com.github.liuguangqiang.swipeback:library:1.0.2] AndroidManifest.xml:9:5-47
MERGED from [com.github.liuguangqiang.swipeback:library:1.0.2] AndroidManifest.xml:9:5-47
MERGED from [com.paytm:pgplussdk:1.3.3] AndroidManifest.xml:13:5-33:19
MERGED from [com.paytm:pgplussdk:1.3.3] AndroidManifest.xml:13:5-33:19
MERGED from [com.google.firebase:firebase-auth-interop:16.0.1] AndroidManifest.xml:7:5-8:19
MERGED from [com.google.firebase:firebase-auth-interop:16.0.1] AndroidManifest.xml:7:5-8:19
MERGED from [com.google.android.gms:play-services-base:16.0.1] AndroidManifest.xml:22:5-27:19
MERGED from [com.google.android.gms:play-services-base:16.0.1] AndroidManifest.xml:22:5-27:19
MERGED from [com.google.firebase:firebase-common:16.1.0] AndroidManifest.xml:11:5-17:19
MERGED from [com.google.firebase:firebase-common:16.1.0] AndroidManifest.xml:11:5-17:19
MERGED from [com.google.android.gms:play-services-tasks:16.0.1] AndroidManifest.xml:7:5-20
MERGED from [com.google.android.gms:play-services-tasks:16.0.1] AndroidManifest.xml:7:5-20
MERGED from [com.google.android.gms:play-services-basement:16.1.0] AndroidManifest.xml:22:5-26:19
MERGED from [com.google.android.gms:play-services-basement:16.1.0] AndroidManifest.xml:22:5-26:19
MERGED from [android.arch.lifecycle:extensions:1.1.0] AndroidManifest.xml:22:5-28:19
MERGED from [android.arch.lifecycle:extensions:1.1.0] AndroidManifest.xml:22:5-28:19
MERGED from [com.github.bumptech.glide:glide:4.6.1] AndroidManifest.xml:11:5-20
MERGED from [com.github.bumptech.glide:glide:4.6.1] AndroidManifest.xml:11:5-20
MERGED from [com.github.bumptech.glide:gifdecoder:4.6.1] AndroidManifest.xml:9:5-20
MERGED from [com.github.bumptech.glide:gifdecoder:4.6.1] AndroidManifest.xml:9:5-20
	android:supportsRtl
		ADDED from src/main/AndroidManifest.xml:27:9-35
	android:label
		ADDED from src/main/AndroidManifest.xml:25:9-41
	tools:ignore
		ADDED from src/main/AndroidManifest.xml:29:9-48
	android:roundIcon
		ADDED from src/main/AndroidManifest.xml:26:9-54
	android:icon
		ADDED from src/main/AndroidManifest.xml:24:9-43
	android:allowBackup
		ADDED from src/main/AndroidManifest.xml:23:9-35
	android:theme
		ADDED from src/main/AndroidManifest.xml:28:9-40
	android:name
		ADDED from src/main/AndroidManifest.xml:22:9-32
activity#com.example.fireapp.drawerAct
ADDED from src/main/AndroidManifest.xml:30:9-36:20
	android:name
		ADDED from src/main/AndroidManifest.xml:30:19-44
activity#com.example.fireapp.SeatStructure
ADDED from src/main/AndroidManifest.xml:37:9-39:64
	android:theme
		ADDED from src/main/AndroidManifest.xml:39:13-52
	android:name
		ADDED from src/main/AndroidManifest.xml:38:13-42
activity#com.example.fireapp.BusInfoLogin
ADDED from src/main/AndroidManifest.xml:40:9-42:64
	android:theme
		ADDED from src/main/AndroidManifest.xml:42:13-52
	android:name
		ADDED from src/main/AndroidManifest.xml:41:13-41
activity#com.example.fireapp.BusInfo
ADDED from src/main/AndroidManifest.xml:43:9-45:64
	android:theme
		ADDED from src/main/AndroidManifest.xml:45:13-52
	android:name
		ADDED from src/main/AndroidManifest.xml:44:13-36
activity#com.example.fireapp.CancelTicket
ADDED from src/main/AndroidManifest.xml:46:9-48:64
	android:theme
		ADDED from src/main/AndroidManifest.xml:48:13-52
	android:name
		ADDED from src/main/AndroidManifest.xml:47:13-41
activity#com.example.fireapp.UserDelete
ADDED from src/main/AndroidManifest.xml:49:9-51:64
	android:theme
		ADDED from src/main/AndroidManifest.xml:51:13-52
	android:name
		ADDED from src/main/AndroidManifest.xml:50:13-39
activity#com.example.fireapp.ModifyBusSchedule
ADDED from src/main/AndroidManifest.xml:52:9-54:64
	android:theme
		ADDED from src/main/AndroidManifest.xml:54:13-52
	android:name
		ADDED from src/main/AndroidManifest.xml:53:13-46
activity#com.example.fireapp.RemoveBus
ADDED from src/main/AndroidManifest.xml:55:9-57:64
	android:theme
		ADDED from src/main/AndroidManifest.xml:57:13-52
	android:name
		ADDED from src/main/AndroidManifest.xml:56:13-38
activity#com.example.fireapp.AdminLogin
ADDED from src/main/AndroidManifest.xml:58:9-60:64
	android:theme
		ADDED from src/main/AndroidManifest.xml:60:13-52
	android:name
		ADDED from src/main/AndroidManifest.xml:59:13-39
activity#com.example.fireapp.AdminBlock
ADDED from src/main/AndroidManifest.xml:61:9-63:64
	android:theme
		ADDED from src/main/AndroidManifest.xml:63:13-52
	android:name
		ADDED from src/main/AndroidManifest.xml:62:13-39
activity#com.example.fireapp.dayTotal
ADDED from src/main/AndroidManifest.xml:64:9-72:20
	android:theme
		ADDED from src/main/AndroidManifest.xml:66:13-52
	android:name
		ADDED from src/main/AndroidManifest.xml:65:13-37
intent-filter#action:name:.dayTotal+category:name:android.intent.category.DEFAULT
ADDED from src/main/AndroidManifest.xml:67:13-71:29
action#com.example.fireapp.dayTotal
ADDED from src/main/AndroidManifest.xml:68:17-52
	android:name
		ADDED from src/main/AndroidManifest.xml:68:25-49
category#android.intent.category.DEFAULT
ADDED from src/main/AndroidManifest.xml:70:17-76
	android:name
		ADDED from src/main/AndroidManifest.xml:70:27-73
activity#com.example.fireapp.Pay
ADDED from src/main/AndroidManifest.xml:73:9-81:20
	android:theme
		ADDED from src/main/AndroidManifest.xml:75:13-52
	android:name
		ADDED from src/main/AndroidManifest.xml:74:13-32
intent-filter#action:name:android.intent.action.MAIN+category:name:android.intent.category.DEFAULT
ADDED from src/main/AndroidManifest.xml:76:13-80:29
action#android.intent.action.MAIN
ADDED from src/main/AndroidManifest.xml:79:17-69
	android:name
		ADDED from src/main/AndroidManifest.xml:79:25-66
activity#com.paytm.pgsdk.PaytmPGActivity
ADDED from src/main/AndroidManifest.xml:82:9-85:52
MERGED from [com.paytm:pgplussdk:1.3.3] AndroidManifest.xml:14:9-17:47
MERGED from [com.paytm:pgplussdk:1.3.3] AndroidManifest.xml:14:9-17:47
	android:screenOrientation
		ADDED from src/main/AndroidManifest.xml:85:13-49
	android:configChanges
		ADDED from src/main/AndroidManifest.xml:84:13-72
	android:theme
		ADDED from [com.paytm:pgplussdk:1.3.3] AndroidManifest.xml:17:13-44
	android:name
		ADDED from src/main/AndroidManifest.xml:83:13-59
activity#com.example.fireapp.BookHistory
ADDED from src/main/AndroidManifest.xml:86:9-94:20
	android:theme
		ADDED from src/main/AndroidManifest.xml:88:13-52
	android:name
		ADDED from src/main/AndroidManifest.xml:87:13-40
activity#com.example.fireapp.BookTicket
ADDED from src/main/AndroidManifest.xml:95:9-97:64
	android:theme
		ADDED from src/main/AndroidManifest.xml:97:13-52
	android:name
		ADDED from src/main/AndroidManifest.xml:96:13-39
activity#com.example.fireapp.Buslist
ADDED from src/main/AndroidManifest.xml:98:9-106:20
	android:theme
		ADDED from src/main/AndroidManifest.xml:100:13-52
	android:name
		ADDED from src/main/AndroidManifest.xml:99:13-36
activity#com.example.fireapp.Account_Act
ADDED from src/main/AndroidManifest.xml:107:9-115:20
	android:theme
		ADDED from src/main/AndroidManifest.xml:109:13-52
	android:name
		ADDED from src/main/AndroidManifest.xml:108:13-40
intent-filter#action:name:.Account_Act+category:name:android.intent.category.DEFAULT
ADDED from src/main/AndroidManifest.xml:110:13-114:29
action#com.example.fireapp.Account_Act
ADDED from src/main/AndroidManifest.xml:111:17-55
	android:name
		ADDED from src/main/AndroidManifest.xml:111:25-52
activity#com.example.fireapp.Google_signIn
ADDED from src/main/AndroidManifest.xml:116:9-133:20
	android:name
		ADDED from src/main/AndroidManifest.xml:116:19-48
intent-filter#action:name:android.intent.action.MAIN+category:name:android.intent.category.LAUNCHER
ADDED from src/main/AndroidManifest.xml:117:13-121:29
category#android.intent.category.LAUNCHER
ADDED from src/main/AndroidManifest.xml:118:17-77
	android:name
		ADDED from src/main/AndroidManifest.xml:118:27-74
intent-filter#action:name:android.intent.action.VIEW+category:name:android.intent.category.BROWSABLE+category:name:android.intent.category.DEFAULT+data:host:www.fire-app.com+data:pathPrefix:/fire+data:scheme:http
ADDED from src/main/AndroidManifest.xml:122:13-132:29
action#android.intent.action.VIEW
ADDED from src/main/AndroidManifest.xml:123:17-69
	android:name
		ADDED from src/main/AndroidManifest.xml:123:25-66
category#android.intent.category.BROWSABLE
ADDED from src/main/AndroidManifest.xml:126:17-78
	android:name
		ADDED from src/main/AndroidManifest.xml:126:27-75
data
ADDED from src/main/AndroidManifest.xml:128:17-131:45
	android:host
		ADDED from src/main/AndroidManifest.xml:129:21-52
	android:scheme
		ADDED from src/main/AndroidManifest.xml:131:21-42
	android:pathPrefix
		ADDED from src/main/AndroidManifest.xml:130:21-47
activity#com.example.fireapp.MainActivity
ADDED from src/main/AndroidManifest.xml:139:9-145:20
	android:name
		ADDED from src/main/AndroidManifest.xml:139:19-47
intent-filter#action:name:.MainActivity+category:name:android.intent.category.DEFAULT
ADDED from src/main/AndroidManifest.xml:140:13-144:29
action#com.example.fireapp.MainActivity
ADDED from src/main/AndroidManifest.xml:141:17-56
	android:name
		ADDED from src/main/AndroidManifest.xml:141:25-53
uses-sdk
INJECTED from src/main/AndroidManifest.xml reason: use-sdk injection requested
INJECTED from src/main/AndroidManifest.xml
INJECTED from src/main/AndroidManifest.xml
MERGED from [com.firebaseui:firebase-ui:3.2.2] AndroidManifest.xml:7:5-9:41
MERGED from [com.firebaseui:firebase-ui:3.2.2] AndroidManifest.xml:7:5-9:41
MERGED from [com.firebaseui:firebase-ui-auth:3.2.2] AndroidManifest.xml:8:5-10:41
MERGED from [com.firebaseui:firebase-ui-auth:3.2.2] AndroidManifest.xml:8:5-10:41
MERGED from [com.android.support:design:27.0.2] AndroidManifest.xml:20:5-44
MERGED from [com.android.support:design:27.0.2] AndroidManifest.xml:20:5-44
MERGED from [com.android.support:appcompat-v7:27.0.2] AndroidManifest.xml:20:5-44
MERGED from [com.android.support:appcompat-v7:27.0.2] AndroidManifest.xml:20:5-44
MERGED from [com.android.support.constraint:constraint-layout:1.1.3] AndroidManifest.xml:5:5-7:41
MERGED from [com.android.support.constraint:constraint-layout:1.1.3] AndroidManifest.xml:5:5-7:41
MERGED from [com.firebaseui:firebase-ui-database:3.2.2] AndroidManifest.xml:7:5-9:41
MERGED from [com.firebaseui:firebase-ui-database:3.2.2] AndroidManifest.xml:7:5-9:41
MERGED from [com.google.firebase:firebase-database:16.1.0] AndroidManifest.xml:19:5-21:41
MERGED from [com.google.firebase:firebase-database:16.1.0] AndroidManifest.xml:19:5-21:41
MERGED from [com.google.firebase:firebase-auth:16.1.0] AndroidManifest.xml:21:5-44
MERGED from [com.google.firebase:firebase-auth:16.1.0] AndroidManifest.xml:21:5-44
MERGED from [com.firebaseui:firebase-ui-storage:3.2.2] AndroidManifest.xml:8:5-10:41
MERGED from [com.firebaseui:firebase-ui-storage:3.2.2] AndroidManifest.xml:8:5-10:41
MERGED from [com.google.firebase:firebase-storage:16.1.0] AndroidManifest.xml:20:5-22:41
MERGED from [com.google.firebase:firebase-storage:16.1.0] AndroidManifest.xml:20:5-22:41
MERGED from [com.google.android.gms:play-services-auth:16.0.1] AndroidManifest.xml:20:5-44
MERGED from [com.google.android.gms:play-services-auth:16.0.1] AndroidManifest.xml:20:5-44
MERGED from [com.firebaseui:firebase-ui-firestore:3.2.2] AndroidManifest.xml:7:5-9:41
MERGED from [com.firebaseui:firebase-ui-firestore:3.2.2] AndroidManifest.xml:7:5-9:41
MERGED from [com.android.support:recyclerview-v7:27.0.2] AndroidManifest.xml:20:5-44
MERGED from [com.android.support:recyclerview-v7:27.0.2] AndroidManifest.xml:20:5-44
MERGED from [com.android.support:cardview-v7:27.0.2] AndroidManifest.xml:20:5-44
MERGED from [com.android.support:cardview-v7:27.0.2] AndroidManifest.xml:20:5-44
MERGED from [com.r0adkll:slidableactivity:2.0.6] AndroidManifest.xml:5:5-7:41
MERGED from [com.r0adkll:slidableactivity:2.0.6] AndroidManifest.xml:5:5-7:41
MERGED from [com.github.liuguangqiang.swipeback:library:1.0.2] AndroidManifest.xml:5:5-7:41
MERGED from [com.github.liuguangqiang.swipeback:library:1.0.2] AndroidManifest.xml:5:5-7:41
MERGED from [com.paytm:pgplussdk:1.3.3] AndroidManifest.xml:7:5-44
MERGED from [com.paytm:pgplussdk:1.3.3] AndroidManifest.xml:7:5-44
MERGED from [com.android.support:customtabs:27.0.2] AndroidManifest.xml:20:5-44
MERGED from [com.android.support:customtabs:27.0.2] AndroidManifest.xml:20:5-44
MERGED from [com.firebaseui:firebase-ui-common:3.2.2] AndroidManifest.xml:8:5-10:41
MERGED from [com.firebaseui:firebase-ui-common:3.2.2] AndroidManifest.xml:8:5-10:41
MERGED from [com.android.support:transition:27.0.2] AndroidManifest.xml:20:5-44
MERGED from [com.android.support:transition:27.0.2] AndroidManifest.xml:20:5-44
MERGED from [com.google.android.gms:play-services-flags:16.0.1] AndroidManifest.xml:20:5-44
MERGED from [com.google.android.gms:play-services-flags:16.0.1] AndroidManifest.xml:20:5-44
MERGED from [com.google.firebase:firebase-auth-interop:16.0.1] AndroidManifest.xml:5:5-44
MERGED from [com.google.firebase:firebase-auth-interop:16.0.1] AndroidManifest.xml:5:5-44
MERGED from [com.google.android.gms:play-services-auth-api-phone:16.0.0] AndroidManifest.xml:5:5-44
MERGED from [com.google.android.gms:play-services-auth-api-phone:16.0.0] AndroidManifest.xml:5:5-44
MERGED from [com.google.android.gms:play-services-auth-base:16.0.0] AndroidManifest.xml:5:5-44
MERGED from [com.google.android.gms:play-services-auth-base:16.0.0] AndroidManifest.xml:5:5-44
MERGED from [com.google.android.gms:play-services-base:16.0.1] AndroidManifest.xml:20:5-44
MERGED from [com.google.android.gms:play-services-base:16.0.1] AndroidManifest.xml:20:5-44
MERGED from [com.google.firebase:firebase-firestore:11.8.0] AndroidManifest.xml:6:5-44
MERGED from [com.google.firebase:firebase-firestore:11.8.0] AndroidManifest.xml:6:5-44
MERGED from [com.google.firebase:firebase-common:16.1.0] AndroidManifest.xml:6:5-8:41
MERGED from [com.google.firebase:firebase-common:16.1.0] AndroidManifest.xml:6:5-8:41
MERGED from [com.google.android.gms:play-services-tasks:16.0.1] AndroidManifest.xml:5:5-44
MERGED from [com.google.android.gms:play-services-tasks:16.0.1] AndroidManifest.xml:5:5-44
MERGED from [com.google.android.gms:play-services-basement:16.1.0] AndroidManifest.xml:20:5-44
MERGED from [com.google.android.gms:play-services-basement:16.1.0] AndroidManifest.xml:20:5-44
MERGED from [com.android.support:support-v4:27.0.2] AndroidManifest.xml:20:5-44
MERGED from [com.android.support:support-v4:27.0.2] AndroidManifest.xml:20:5-44
MERGED from [android.arch.lifecycle:extensions:1.1.0] AndroidManifest.xml:20:5-44
MERGED from [android.arch.lifecycle:extensions:1.1.0] AndroidManifest.xml:20:5-44
MERGED from [com.github.bumptech.glide:glide:4.6.1] AndroidManifest.xml:7:5-9:41
MERGED from [com.github.bumptech.glide:glide:4.6.1] AndroidManifest.xml:7:5-9:41
MERGED from [com.android.support:support-fragment:27.0.2] AndroidManifest.xml:20:5-44
MERGED from [com.android.support:support-fragment:27.0.2] AndroidManifest.xml:20:5-44
MERGED from [com.android.support:support-media-compat:27.0.2] AndroidManifest.xml:20:5-44
MERGED from [com.android.support:support-media-compat:27.0.2] AndroidManifest.xml:20:5-44
MERGED from [com.android.support:support-core-utils:27.0.2] AndroidManifest.xml:20:5-44
MERGED from [com.android.support:support-core-utils:27.0.2] AndroidManifest.xml:20:5-44
MERGED from [com.android.support:animated-vector-drawable:27.0.2] AndroidManifest.xml:20:5-44
MERGED from [com.android.support:animated-vector-drawable:27.0.2] AndroidManifest.xml:20:5-44
MERGED from [com.android.support:support-core-ui:27.0.2] AndroidManifest.xml:20:5-44
MERGED from [com.android.support:support-core-ui:27.0.2] AndroidManifest.xml:20:5-44
MERGED from [com.android.support:support-vector-drawable:27.0.2] AndroidManifest.xml:20:5-44
MERGED from [com.android.support:support-vector-drawable:27.0.2] AndroidManifest.xml:20:5-44
MERGED from [com.android.support:support-compat:27.0.2] AndroidManifest.xml:20:5-44
MERGED from [com.android.support:support-compat:27.0.2] AndroidManifest.xml:20:5-44
MERGED from [android.arch.lifecycle:runtime:1.1.0] AndroidManifest.xml:20:5-44
MERGED from [android.arch.lifecycle:runtime:1.1.0] AndroidManifest.xml:20:5-44
MERGED from [android.arch.lifecycle:livedata:1.1.0] AndroidManifest.xml:20:5-44
MERGED from [android.arch.lifecycle:livedata:1.1.0] AndroidManifest.xml:20:5-44
MERGED from [android.arch.lifecycle:livedata-core:1.1.0] AndroidManifest.xml:20:5-44
MERGED from [android.arch.lifecycle:livedata-core:1.1.0] AndroidManifest.xml:20:5-44
MERGED from [android.arch.core:runtime:1.1.0] AndroidManifest.xml:20:5-44
MERGED from [android.arch.core:runtime:1.1.0] AndroidManifest.xml:20:5-44
MERGED from [android.arch.lifecycle:viewmodel:1.1.0] AndroidManifest.xml:20:5-44
MERGED from [android.arch.lifecycle:viewmodel:1.1.0] AndroidManifest.xml:20:5-44
MERGED from [com.github.bumptech.glide:gifdecoder:4.6.1] AndroidManifest.xml:5:5-7:41
MERGED from [com.github.bumptech.glide:gifdecoder:4.6.1] AndroidManifest.xml:5:5-7:41
MERGED from [com.google.firebase:firebase-database-collection:16.0.1] AndroidManifest.xml:5:5-44
MERGED from [com.google.firebase:firebase-database-collection:16.0.1] AndroidManifest.xml:5:5-44
INJECTED from src/main/AndroidManifest.xml
INJECTED from src/main/AndroidManifest.xml
	android:targetSdkVersion
		INJECTED from src/main/AndroidManifest.xml
		ADDED from src/main/AndroidManifest.xml
		INJECTED from src/main/AndroidManifest.xml
	android:minSdkVersion
		INJECTED from src/main/AndroidManifest.xml
		ADDED from src/main/AndroidManifest.xml
		INJECTED from src/main/AndroidManifest.xml
meta-data#com.google.android.gms.version
ADDED from [com.firebaseui:firebase-ui-auth:3.2.2] AndroidManifest.xml:16:9-18:69
MERGED from [com.google.android.gms:play-services-basement:16.1.0] AndroidManifest.xml:23:9-25:69
MERGED from [com.google.android.gms:play-services-basement:16.1.0] AndroidManifest.xml:23:9-25:69
	android:value
		ADDED from [com.firebaseui:firebase-ui-auth:3.2.2] AndroidManifest.xml:18:13-66
	android:name
		ADDED from [com.firebaseui:firebase-ui-auth:3.2.2] AndroidManifest.xml:17:13-58
meta-data#com.facebook.sdk.ApplicationId
ADDED from [com.firebaseui:firebase-ui-auth:3.2.2] AndroidManifest.xml:19:9-21:63
	android:value
		ADDED from [com.firebaseui:firebase-ui-auth:3.2.2] AndroidManifest.xml:21:13-60
	android:name
		ADDED from [com.firebaseui:firebase-ui-auth:3.2.2] AndroidManifest.xml:20:13-58
activity#com.firebase.ui.auth.KickoffActivity
ADDED from [com.firebaseui:firebase-ui-auth:3.2.2] AndroidManifest.xml:23:9-27:61
	android:label
		ADDED from [com.firebaseui:firebase-ui-auth:3.2.2] AndroidManifest.xml:26:13-29
	android:exported
		ADDED from [com.firebaseui:firebase-ui-auth:3.2.2] AndroidManifest.xml:25:13-37
	android:theme
		ADDED from [com.firebaseui:firebase-ui-auth:3.2.2] AndroidManifest.xml:27:13-58
	android:name
		ADDED from [com.firebaseui:firebase-ui-auth:3.2.2] AndroidManifest.xml:24:13-64
activity#com.firebase.ui.auth.ui.email.RecoverPasswordActivity
ADDED from [com.firebaseui:firebase-ui-auth:3.2.2] AndroidManifest.xml:28:9-31:75
	android:label
		ADDED from [com.firebaseui:firebase-ui-auth:3.2.2] AndroidManifest.xml:31:13-72
	android:exported
		ADDED from [com.firebaseui:firebase-ui-auth:3.2.2] AndroidManifest.xml:30:13-37
	android:name
		ADDED from [com.firebaseui:firebase-ui-auth:3.2.2] AndroidManifest.xml:29:13-81
activity#com.firebase.ui.auth.ui.email.EmailActivity
ADDED from [com.firebaseui:firebase-ui-auth:3.2.2] AndroidManifest.xml:32:9-36:58
	android:label
		ADDED from [com.firebaseui:firebase-ui-auth:3.2.2] AndroidManifest.xml:35:13-56
	android:windowSoftInputMode
		ADDED from [com.firebaseui:firebase-ui-auth:3.2.2] AndroidManifest.xml:36:13-55
	android:exported